[GO] [31mERROR[0m 2020-12-16 20:23:16 b556aece-9491-4f4a-9c12-711f3fd08adb ▲ 500 |         171µs |    127.0.0.1 | PUT /v1/tags/d  
 
 [(user_agent=PostmanRuntime/7.26.8 request_body= error_0=strconv.Atoi: parsing "d": invalid syntax
c.Param is not Valid: d
github/akalitt/go-errors-example/api.UpdateTag
	/Users/sin/hey/Go-000/Week04/go-api-example/api/tag.go:49
github.com/gin-gonic/gin.(*Context).Next
	/Users/sin/go/pkg/mod/github.com/gin-gonic/gin@v1.6.3/context.go:161
github/akalitt/go-errors-example/middleware.Logging.func1
	/Users/sin/hey/Go-000/Week04/go-api-example/middleware/logging.go:34
github.com/gin-gonic/gin.(*Context).Next
	/Users/sin/go/pkg/mod/github.com/gin-gonic/gin@v1.6.3/context.go:161
github/akalitt/go-errors-example/plugin/header.RequestId
	/Users/sin/hey/Go-000/Week04/go-api-example/plugin/header/header.go:59
github.com/gin-gonic/gin.(*Context).Next
	/Users/sin/go/pkg/mod/github.com/gin-gonic/gin@v1.6.3/context.go:161
github/akalitt/go-errors-example/plugin/header.Options
	/Users/sin/hey/Go-000/Week04/go-api-example/plugin/header/header.go:27
github.com/gin-gonic/gin.(*Context).Next
	/Users/sin/go/pkg/mod/github.com/gin-gonic/gin@v1.6.3/context.go:161
github/akalitt/go-errors-example/plugin/header.NoCache
	/Users/sin/hey/Go-000/Week04/go-api-example/plugin/header/header.go:18
github.com/gin-gonic/gin.(*Context).Next
	/Users/sin/go/pkg/mod/github.com/gin-gonic/gin@v1.6.3/context.go:161
github.com/gin-gonic/gin.RecoveryWithWriter.func1
	/Users/sin/go/pkg/mod/github.com/gin-gonic/gin@v1.6.3/recovery.go:83
github.com/gin-gonic/gin.(*Context).Next
	/Users/sin/go/pkg/mod/github.com/gin-gonic/gin@v1.6.3/context.go:161
github.com/gin-gonic/gin.RecoveryWithWriter.func1
	/Users/sin/go/pkg/mod/github.com/gin-gonic/gin@v1.6.3/recovery.go:83
github.com/gin-gonic/gin.(*Context).Next
	/Users/sin/go/pkg/mod/github.com/gin-gonic/gin@v1.6.3/context.go:161
github.com/gin-gonic/gin.LoggerWithConfig.func1
	/Users/sin/go/pkg/mod/github.com/gin-gonic/gin@v1.6.3/logger.go:241
github.com/gin-gonic/gin.(*Context).Next
	/Users/sin/go/pkg/mod/github.com/gin-gonic/gin@v1.6.3/context.go:161
github.com/gin-gonic/gin.(*Engine).handleHTTPRequest
	/Users/sin/go/pkg/mod/github.com/gin-gonic/gin@v1.6.3/gin.go:409
github.com/gin-gonic/gin.(*Engine).ServeHTTP
	/Users/sin/go/pkg/mod/github.com/gin-gonic/gin@v1.6.3/gin.go:367
net/http.serverHandler.ServeHTTP
	/usr/local/Cellar/go/1.14.2_1/libexec/src/net/http/server.go:2807
net/http.(*conn).serve
	/usr/local/Cellar/go/1.14.2_1/libexec/src/net/http/server.go:1895
runtime.goexit
	/usr/local/Cellar/go/1.14.2_1/libexec/src/runtime/asm_amd64.s:1373)]
 --------------------------------
[GO] [31mERROR[0m 2020-12-16 20:24:31 d7df2e56-cd80-4432-9e63-ef8a7b51d515 ▲ 500 |         361µs |    127.0.0.1 | PUT /v1/tags/d  
 
 [(error_0=strconv.Atoi: parsing "d": invalid syntax
c.Param is not Valid: d
github/akalitt/go-errors-example/api.UpdateTag
	/Users/sin/hey/Go-000/Week04/go-api-example/api/tag.go:49
github.com/gin-gonic/gin.(*Context).Next
	/Users/sin/go/pkg/mod/github.com/gin-gonic/gin@v1.6.3/context.go:161
github/akalitt/go-errors-example/middleware.Logging.func1
	/Users/sin/hey/Go-000/Week04/go-api-example/middleware/logging.go:34
github.com/gin-gonic/gin.(*Context).Next
	/Users/sin/go/pkg/mod/github.com/gin-gonic/gin@v1.6.3/context.go:161
github/akalitt/go-errors-example/plugin/header.RequestId
	/Users/sin/hey/Go-000/Week04/go-api-example/plugin/header/header.go:59
github.com/gin-gonic/gin.(*Context).Next
	/Users/sin/go/pkg/mod/github.com/gin-gonic/gin@v1.6.3/context.go:161
github/akalitt/go-errors-example/plugin/header.Options
	/Users/sin/hey/Go-000/Week04/go-api-example/plugin/header/header.go:27
github.com/gin-gonic/gin.(*Context).Next
	/Users/sin/go/pkg/mod/github.com/gin-gonic/gin@v1.6.3/context.go:161
github/akalitt/go-errors-example/plugin/header.NoCache
	/Users/sin/hey/Go-000/Week04/go-api-example/plugin/header/header.go:18
github.com/gin-gonic/gin.(*Context).Next
	/Users/sin/go/pkg/mod/github.com/gin-gonic/gin@v1.6.3/context.go:161
github.com/gin-gonic/gin.RecoveryWithWriter.func1
	/Users/sin/go/pkg/mod/github.com/gin-gonic/gin@v1.6.3/recovery.go:83
github.com/gin-gonic/gin.(*Context).Next
	/Users/sin/go/pkg/mod/github.com/gin-gonic/gin@v1.6.3/context.go:161
github.com/gin-gonic/gin.RecoveryWithWriter.func1
	/Users/sin/go/pkg/mod/github.com/gin-gonic/gin@v1.6.3/recovery.go:83
github.com/gin-gonic/gin.(*Context).Next
	/Users/sin/go/pkg/mod/github.com/gin-gonic/gin@v1.6.3/context.go:161
github.com/gin-gonic/gin.LoggerWithConfig.func1
	/Users/sin/go/pkg/mod/github.com/gin-gonic/gin@v1.6.3/logger.go:241
github.com/gin-gonic/gin.(*Context).Next
	/Users/sin/go/pkg/mod/github.com/gin-gonic/gin@v1.6.3/context.go:161
github.com/gin-gonic/gin.(*Engine).handleHTTPRequest
	/Users/sin/go/pkg/mod/github.com/gin-gonic/gin@v1.6.3/gin.go:409
github.com/gin-gonic/gin.(*Engine).ServeHTTP
	/Users/sin/go/pkg/mod/github.com/gin-gonic/gin@v1.6.3/gin.go:367
net/http.serverHandler.ServeHTTP
	/usr/local/Cellar/go/1.14.2_1/libexec/src/net/http/server.go:2807
net/http.(*conn).serve
	/usr/local/Cellar/go/1.14.2_1/libexec/src/net/http/server.go:1895
runtime.goexit
	/usr/local/Cellar/go/1.14.2_1/libexec/src/runtime/asm_amd64.s:1373 user_agent=PostmanRuntime/7.26.8 request_body=)]
 --------------------------------
[GO] [31mERROR[0m 2020-12-16 20:26:34 2ba15a4c-57a5-4e00-9fc9-5b5acad739f3 ▲ 500 |         285µs |    127.0.0.1 | PUT /v1/tags/d  
 
 [(user_agent=PostmanRuntime/7.26.8 request_body= error_0=strconv.Atoi: parsing "d": invalid syntax
c.Param is not Valid: d
github/akalitt/go-errors-example/api.UpdateTag
	/Users/sin/hey/Go-000/Week04/go-api-example/api/tag.go:18
github.com/gin-gonic/gin.(*Context).Next
	/Users/sin/go/pkg/mod/github.com/gin-gonic/gin@v1.6.3/context.go:161
github/akalitt/go-errors-example/middleware.Logging.func1
	/Users/sin/hey/Go-000/Week04/go-api-example/middleware/logging.go:34
github.com/gin-gonic/gin.(*Context).Next
	/Users/sin/go/pkg/mod/github.com/gin-gonic/gin@v1.6.3/context.go:161
github/akalitt/go-errors-example/plugin/header.RequestId
	/Users/sin/hey/Go-000/Week04/go-api-example/plugin/header/header.go:59
github.com/gin-gonic/gin.(*Context).Next
	/Users/sin/go/pkg/mod/github.com/gin-gonic/gin@v1.6.3/context.go:161
github/akalitt/go-errors-example/plugin/header.Options
	/Users/sin/hey/Go-000/Week04/go-api-example/plugin/header/header.go:27
github.com/gin-gonic/gin.(*Context).Next
	/Users/sin/go/pkg/mod/github.com/gin-gonic/gin@v1.6.3/context.go:161
github/akalitt/go-errors-example/plugin/header.NoCache
	/Users/sin/hey/Go-000/Week04/go-api-example/plugin/header/header.go:18
github.com/gin-gonic/gin.(*Context).Next
	/Users/sin/go/pkg/mod/github.com/gin-gonic/gin@v1.6.3/context.go:161
github.com/gin-gonic/gin.RecoveryWithWriter.func1
	/Users/sin/go/pkg/mod/github.com/gin-gonic/gin@v1.6.3/recovery.go:83
github.com/gin-gonic/gin.(*Context).Next
	/Users/sin/go/pkg/mod/github.com/gin-gonic/gin@v1.6.3/context.go:161
github.com/gin-gonic/gin.RecoveryWithWriter.func1
	/Users/sin/go/pkg/mod/github.com/gin-gonic/gin@v1.6.3/recovery.go:83
github.com/gin-gonic/gin.(*Context).Next
	/Users/sin/go/pkg/mod/github.com/gin-gonic/gin@v1.6.3/context.go:161
github.com/gin-gonic/gin.LoggerWithConfig.func1
	/Users/sin/go/pkg/mod/github.com/gin-gonic/gin@v1.6.3/logger.go:241
github.com/gin-gonic/gin.(*Context).Next
	/Users/sin/go/pkg/mod/github.com/gin-gonic/gin@v1.6.3/context.go:161
github.com/gin-gonic/gin.(*Engine).handleHTTPRequest
	/Users/sin/go/pkg/mod/github.com/gin-gonic/gin@v1.6.3/gin.go:409
github.com/gin-gonic/gin.(*Engine).ServeHTTP
	/Users/sin/go/pkg/mod/github.com/gin-gonic/gin@v1.6.3/gin.go:367
net/http.serverHandler.ServeHTTP
	/usr/local/Cellar/go/1.14.2_1/libexec/src/net/http/server.go:2807
net/http.(*conn).serve
	/usr/local/Cellar/go/1.14.2_1/libexec/src/net/http/server.go:1895
runtime.goexit
	/usr/local/Cellar/go/1.14.2_1/libexec/src/runtime/asm_amd64.s:1373)]
 --------------------------------
[GO] [36m INFO[0m 2020-12-16 20:26:54 3f7abda9-c48d-423c-87d3-fb2b29cf4c42 ● 200 |       2.858ms |    127.0.0.1 | PUT /v1/tags/1  
 [(user_agent=PostmanRuntime/7.26.8 request_body=)]
 --------------------------------
[GO] [36m INFO[0m 2020-12-16 21:34:16 12fc9e0f-1ae6-4481-9ac8-5f17e15762b1 ● 200 |       5.548ms |    127.0.0.1 | PUT /v1/tags/1  
 [(user_agent=PostmanRuntime/7.26.8 request_body=)]
 --------------------------------
[GO] [31mERROR[0m 2020-12-16 21:34:21 79fb538e-6480-4bde-b5c6-d7a4c8ebcf23 ▲ 500 |         246µs |    127.0.0.1 | PUT /v1/tags/d  
 
 [(user_agent=PostmanRuntime/7.26.8 request_body= error_0=strconv.Atoi: parsing "d": invalid syntax
c.Param is not Valid: d
github/akalitt/go-errors-example/internal/server/api.UpdateTag
	/Users/sin/hey/Go-000/Week04/go-api-example/internal/server/api/tag.go:20
github.com/gin-gonic/gin.(*Context).Next
	/Users/sin/go/pkg/mod/github.com/gin-gonic/gin@v1.6.3/context.go:161
github/akalitt/go-errors-example/middleware.Logging.func1
	/Users/sin/hey/Go-000/Week04/go-api-example/middleware/logging.go:34
github.com/gin-gonic/gin.(*Context).Next
	/Users/sin/go/pkg/mod/github.com/gin-gonic/gin@v1.6.3/context.go:161
github/akalitt/go-errors-example/pkg/header.RequestId
	/Users/sin/hey/Go-000/Week04/go-api-example/pkg/header/header.go:59
github.com/gin-gonic/gin.(*Context).Next
	/Users/sin/go/pkg/mod/github.com/gin-gonic/gin@v1.6.3/context.go:161
github/akalitt/go-errors-example/pkg/header.Options
	/Users/sin/hey/Go-000/Week04/go-api-example/pkg/header/header.go:27
github.com/gin-gonic/gin.(*Context).Next
	/Users/sin/go/pkg/mod/github.com/gin-gonic/gin@v1.6.3/context.go:161
github/akalitt/go-errors-example/pkg/header.NoCache
	/Users/sin/hey/Go-000/Week04/go-api-example/pkg/header/header.go:18
github.com/gin-gonic/gin.(*Context).Next
	/Users/sin/go/pkg/mod/github.com/gin-gonic/gin@v1.6.3/context.go:161
github.com/gin-gonic/gin.RecoveryWithWriter.func1
	/Users/sin/go/pkg/mod/github.com/gin-gonic/gin@v1.6.3/recovery.go:83
github.com/gin-gonic/gin.(*Context).Next
	/Users/sin/go/pkg/mod/github.com/gin-gonic/gin@v1.6.3/context.go:161
github.com/gin-gonic/gin.RecoveryWithWriter.func1
	/Users/sin/go/pkg/mod/github.com/gin-gonic/gin@v1.6.3/recovery.go:83
github.com/gin-gonic/gin.(*Context).Next
	/Users/sin/go/pkg/mod/github.com/gin-gonic/gin@v1.6.3/context.go:161
github.com/gin-gonic/gin.LoggerWithConfig.func1
	/Users/sin/go/pkg/mod/github.com/gin-gonic/gin@v1.6.3/logger.go:241
github.com/gin-gonic/gin.(*Context).Next
	/Users/sin/go/pkg/mod/github.com/gin-gonic/gin@v1.6.3/context.go:161
github.com/gin-gonic/gin.(*Engine).handleHTTPRequest
	/Users/sin/go/pkg/mod/github.com/gin-gonic/gin@v1.6.3/gin.go:409
github.com/gin-gonic/gin.(*Engine).ServeHTTP
	/Users/sin/go/pkg/mod/github.com/gin-gonic/gin@v1.6.3/gin.go:367
net/http.serverHandler.ServeHTTP
	/usr/local/Cellar/go/1.14.2_1/libexec/src/net/http/server.go:2807
net/http.(*conn).serve
	/usr/local/Cellar/go/1.14.2_1/libexec/src/net/http/server.go:1895
runtime.goexit
	/usr/local/Cellar/go/1.14.2_1/libexec/src/runtime/asm_amd64.s:1373)]
 --------------------------------
